<?xml version="1.0" encoding="UTF-8" ?>
<testsuite failures="0" time="0.534" errors="0" skipped="24" tests="30" name="helpers.CukesRunnerTest">
  <properties>
[...]
</properties>
  <testcase time="0.047" classname="| Homepage |" name="Given I am on the HU Homepage">
    <skipped/>
  </testcase>
  <testcase time="0.093" classname="| Homepage |" name="When I click Log in">
    <skipped/>
  </testcase>
  <testcase time="0.094" classname="| Homepage |" name="Then I should be on the login page">
    <skipped/>
  </testcase>
  <testcase time="0.094" classname="| Homepage |" name="| Homepage |">
    <skipped/>
  </testcase>
  <testcase time="0.094" classname="| Homepage |" name="| Homepage |"/>
  <testcase time="0" classname="| Community_Homepage |" name="Given I am on the HU Community_Homepage">
    <skipped/>
  </testcase>
  <testcase time="0" classname="| Community_Homepage |" name="When I click Log in">
    <skipped/>
  </testcase>
  <testcase time="0" classname="| Community_Homepage |" name="Then I should be on the login page">
    <skipped/>
  </testcase>
  <testcase time="0" classname="| Community_Homepage |" name="| Community_Homepage |">
    <skipped/>
  </testcase>
  <testcase time="0" classname="| Community_Homepage |" name="| Community_Homepage |"/>
  <testcase time="0" classname="| Posts_Questions |" name="Given I am on the HU Posts_Questions">
    <skipped/>
  </testcase>
  <testcase time="0" classname="| Posts_Questions |" name="When I click Log in">
    <skipped/>
  </testcase>
  <testcase time="0" classname="| Posts_Questions |" name="Then I should be on the login page">
    <skipped/>
  </testcase>
  <testcase time="0" classname="| Posts_Questions |" name="| Posts_Questions |">
    <skipped/>
  </testcase>
  <testcase time="0" classname="| Posts_Questions |" name="| Posts_Questions |"/>
  <testcase time="0" classname="| Polls |" name="Given I am on the HU Polls">
    <skipped/>
  </testcase>
  <testcase time="0" classname="| Polls |" name="When I click Log in">
    <skipped/>
  </testcase>
  <testcase time="0" classname="| Polls |" name="Then I should be on the login page">
    <skipped/>
  </testcase>
  <testcase time="0" classname="| Polls |" name="| Polls |">
    <skipped/>
  </testcase>
  <testcase time="0" classname="| Polls |" name="| Polls |"/>
  <testcase time="0" classname="| Members |" name="Given I am on the HU Members">
    <skipped/>
  </testcase>
  <testcase time="0" classname="| Members |" name="When I click Log in">
    <skipped/>
  </testcase>
  <testcase time="0" classname="| Members |" name="Then I should be on the login page">
    <skipped/>
  </testcase>
  <testcase time="0" classname="| Members |" name="| Members |">
    <skipped/>
  </testcase>
  <testcase time="0" classname="| Members |" name="| Members |"/>
  <testcase time="0" classname="| Indivdual_Post_Question |" name="Given I am on the HU Indivdual_Post_Question">
    <skipped/>
  </testcase>
  <testcase time="0" classname="| Indivdual_Post_Question |" name="When I click Log in">
    <skipped/>
  </testcase>
  <testcase time="0" classname="| Indivdual_Post_Question |" name="Then I should be on the login page">
    <skipped/>
  </testcase>
  <testcase time="0" classname="| Indivdual_Post_Question |" name="| Indivdual_Post_Question |">
    <skipped/>
  </testcase>
  <testcase time="0" classname="| Indivdual_Post_Question |" name="| Indivdual_Post_Question |"/>
</testsuite>